<?xml version="1.0" encoding="utf-8"?><testsuites><testsuite errors="0" failures="0" hostname="bibigrid-master-jdzmrjtottq9ctr" name="pytest" skipped="0" tests="0" time="1.618" timestamp="2021-05-17T10:13:03.800593" /></testsuites>