<?xml version="1.0" encoding="utf-8"?><testsuites><testsuite errors="0" failures="0" hostname="bibigrid-master-jdzmrjtottq9ctr" name="pytest" skipped="0" tests="0" time="1.165" timestamp="2022-01-10T11:39:44.809876" /></testsuites>